160621 15:23:43 mysqld_safe Starting mysqld daemon with databases from /app/mysql/mysql
160621 15:23:44  InnoDB: Initializing buffer pool, size = 8.0M
160621 15:23:44  InnoDB: Completed initialization of buffer pool
InnoDB: The first specified data file ./ibdata1 did not exist:
InnoDB: a new database to be created!
160621 15:23:44  InnoDB: Setting file ./ibdata1 size to 10 MB
InnoDB: Database physically writes the file full: wait...
160621 15:23:44  InnoDB: Log file ./ib_logfile0 did not exist: new to be created
InnoDB: Setting log file ./ib_logfile0 size to 5 MB
InnoDB: Database physically writes the file full: wait...
160621 15:23:44  InnoDB: Log file ./ib_logfile1 did not exist: new to be created
InnoDB: Setting log file ./ib_logfile1 size to 5 MB
InnoDB: Database physically writes the file full: wait...
InnoDB: Doublewrite buffer not found: creating new
InnoDB: Doublewrite buffer created
InnoDB: Creating foreign key constraint system tables
InnoDB: Foreign key constraint system tables created
160621 15:23:44  InnoDB: Started; log sequence number 0 0
160621 15:23:44 [Note] Event Scheduler: Loaded 0 events
160621 15:23:44 [Note] /usr/libexec/mysqld: ready for connections.
Version: '5.1.73'  socket: '/var/lib/mysql/mysql.sock'  port: 3306  Source distribution
160621 15:23:46 [Note] /usr/libexec/mysqld: Normal shutdown

160621 15:23:46 [Note] Event Scheduler: Purging the queue. 0 events
160621 15:23:46  InnoDB: Starting shutdown...
160621 15:23:49  InnoDB: Shutdown completed; log sequence number 0 44233
160621 15:23:49 [Note] /usr/libexec/mysqld: Shutdown complete

160621 15:23:49 mysqld_safe mysqld from pid file /var/run/mysqld/mysqld.pid ended
160621 15:23:50 mysqld_safe Starting mysqld daemon with databases from /app/mysql/mysql
160621 15:23:50  InnoDB: Initializing buffer pool, size = 8.0M
160621 15:23:50  InnoDB: Completed initialization of buffer pool
160621 15:23:50  InnoDB: Started; log sequence number 0 44233
160621 15:23:50 [Note] Event Scheduler: Loaded 0 events
160621 15:23:50 [Note] /usr/libexec/mysqld: ready for connections.
Version: '5.1.73'  socket: '/var/lib/mysql/mysql.sock'  port: 3306  Source distribution
