June 21 15:26:22 graphios_backends.py INFO InfluxDB backend initialized
June 21 15:26:22 graphios.py INFO Enabled backends: ['influxdb']
June 21 15:26:22 graphios.py INFO graphios startup.
June 21 15:26:22 graphios.py DEBUG Processing spool directory /var/spool/nagios/graphios
June 21 15:26:22 graphios.py INFO Processed 0 files (0 metrics) in /var/spool/nagios/graphios
June 21 15:26:22 graphios.py DEBUG graphios sleeping.
June 21 15:26:37 graphios.py DEBUG Processing spool directory /var/spool/nagios/graphios
June 21 15:26:37 graphios_backends.py DEBUG Connecting to InfluxDB at influxdb:8086
June 21 15:26:37 graphios.py DEBUG deleted /var/spool/nagios/graphios/host-perfdata.1466490396
June 21 15:26:37 graphios.py DEBUG deleted /var/spool/nagios/graphios/service-perfdata.1466490396
June 21 15:26:37 graphios.py INFO Processed 1 files (2 metrics) in /var/spool/nagios/graphios
June 21 15:26:37 graphios.py DEBUG graphios sleeping.
June 21 15:26:52 graphios.py DEBUG Processing spool directory /var/spool/nagios/graphios
June 21 15:26:52 graphios.py DEBUG deleted /var/spool/nagios/graphios/host-perfdata.1466490411
June 21 15:26:52 graphios.py DEBUG deleted /var/spool/nagios/graphios/service-perfdata.1466490411
June 21 15:26:52 graphios.py INFO Processed 0 files (0 metrics) in /var/spool/nagios/graphios
June 21 15:26:52 graphios.py DEBUG graphios sleeping.
June 21 15:27:07 graphios.py DEBUG Processing spool directory /var/spool/nagios/graphios
June 21 15:27:07 graphios.py DEBUG deleted /var/spool/nagios/graphios/service-perfdata.1466490426
June 21 15:27:07 graphios.py DEBUG deleted /var/spool/nagios/graphios/host-perfdata.1466490426
June 21 15:27:07 graphios.py INFO Processed 1 files (0 metrics) in /var/spool/nagios/graphios
June 21 15:27:07 graphios.py DEBUG graphios sleeping.
June 21 15:27:22 graphios.py DEBUG Processing spool directory /var/spool/nagios/graphios
June 21 15:27:22 graphios.py DEBUG deleted /var/spool/nagios/graphios/service-perfdata.1466490441
June 21 15:27:22 graphios.py DEBUG deleted /var/spool/nagios/graphios/host-perfdata.1466490441
June 21 15:27:22 graphios.py INFO Processed 0 files (0 metrics) in /var/spool/nagios/graphios
June 21 15:27:22 graphios.py DEBUG graphios sleeping.
June 21 15:27:37 graphios.py DEBUG Processing spool directory /var/spool/nagios/graphios
June 21 15:27:37 graphios.py DEBUG deleted /var/spool/nagios/graphios/service-perfdata.1466490456
June 21 15:27:37 graphios.py DEBUG deleted /var/spool/nagios/graphios/host-perfdata.1466490456
June 21 15:27:37 graphios.py INFO Processed 0 files (0 metrics) in /var/spool/nagios/graphios
June 21 15:27:37 graphios.py DEBUG graphios sleeping.
June 21 15:27:52 graphios.py DEBUG Processing spool directory /var/spool/nagios/graphios
June 21 15:27:52 graphios.py DEBUG deleted /var/spool/nagios/graphios/host-perfdata.1466490471
June 21 15:27:52 graphios.py DEBUG deleted /var/spool/nagios/graphios/service-perfdata.1466490471
June 21 15:27:52 graphios.py INFO Processed 1 files (0 metrics) in /var/spool/nagios/graphios
June 21 15:27:52 graphios.py DEBUG graphios sleeping.
June 21 15:28:07 graphios.py DEBUG Processing spool directory /var/spool/nagios/graphios
June 21 15:28:07 graphios.py DEBUG deleted /var/spool/nagios/graphios/host-perfdata.1466490486
June 21 15:28:07 graphios.py DEBUG deleted /var/spool/nagios/graphios/service-perfdata.1466490486
June 21 15:28:07 graphios.py INFO Processed 0 files (0 metrics) in /var/spool/nagios/graphios
June 21 15:28:07 graphios.py DEBUG graphios sleeping.
June 21 15:28:22 graphios.py DEBUG Processing spool directory /var/spool/nagios/graphios
June 21 15:28:22 graphios.py DEBUG deleted /var/spool/nagios/graphios/host-perfdata.1466490501
June 21 15:28:22 graphios.py DEBUG deleted /var/spool/nagios/graphios/service-perfdata.1466490501
June 21 15:28:22 graphios.py INFO Processed 1 files (0 metrics) in /var/spool/nagios/graphios
June 21 15:28:22 graphios.py DEBUG graphios sleeping.
June 21 15:28:37 graphios.py DEBUG Processing spool directory /var/spool/nagios/graphios
June 21 15:28:37 graphios.py DEBUG deleted /var/spool/nagios/graphios/host-perfdata.1466490516
June 21 15:28:37 graphios.py DEBUG deleted /var/spool/nagios/graphios/service-perfdata.1466490516
June 21 15:28:37 graphios.py INFO Processed 0 files (0 metrics) in /var/spool/nagios/graphios
June 21 15:28:37 graphios.py DEBUG graphios sleeping.
June 21 15:28:52 graphios.py DEBUG Processing spool directory /var/spool/nagios/graphios
June 21 15:28:52 graphios.py DEBUG deleted /var/spool/nagios/graphios/host-perfdata.1466490531
June 21 15:28:52 graphios.py DEBUG deleted /var/spool/nagios/graphios/service-perfdata.1466490531
June 21 15:28:52 graphios.py INFO Processed 0 files (0 metrics) in /var/spool/nagios/graphios
June 21 15:28:52 graphios.py DEBUG graphios sleeping.
June 21 15:29:07 graphios.py DEBUG Processing spool directory /var/spool/nagios/graphios
June 21 15:29:07 graphios.py DEBUG deleted /var/spool/nagios/graphios/service-perfdata.1466490546
June 21 15:29:07 graphios.py DEBUG deleted /var/spool/nagios/graphios/host-perfdata.1466490546
June 21 15:29:07 graphios.py INFO Processed 1 files (0 metrics) in /var/spool/nagios/graphios
June 21 15:29:07 graphios.py DEBUG graphios sleeping.
June 21 15:29:22 graphios.py DEBUG Processing spool directory /var/spool/nagios/graphios
June 21 15:29:22 graphios.py DEBUG deleted /var/spool/nagios/graphios/service-perfdata.1466490561
June 21 15:29:22 graphios.py DEBUG deleted /var/spool/nagios/graphios/host-perfdata.1466490561
June 21 15:29:22 graphios.py INFO Processed 0 files (0 metrics) in /var/spool/nagios/graphios
June 21 15:29:22 graphios.py DEBUG graphios sleeping.
June 21 15:29:37 graphios.py DEBUG Processing spool directory /var/spool/nagios/graphios
June 21 15:29:37 graphios.py DEBUG deleted /var/spool/nagios/graphios/service-perfdata.1466490576
June 21 15:29:37 graphios.py DEBUG deleted /var/spool/nagios/graphios/host-perfdata.1466490576
June 21 15:29:37 graphios.py INFO Processed 1 files (0 metrics) in /var/spool/nagios/graphios
June 21 15:29:37 graphios.py DEBUG graphios sleeping.
June 21 15:29:52 graphios.py DEBUG Processing spool directory /var/spool/nagios/graphios
June 21 15:29:52 graphios.py DEBUG deleted /var/spool/nagios/graphios/service-perfdata.1466490591
June 21 15:29:52 graphios.py DEBUG deleted /var/spool/nagios/graphios/host-perfdata.1466490591
June 21 15:29:52 graphios.py INFO Processed 0 files (0 metrics) in /var/spool/nagios/graphios
June 21 15:29:52 graphios.py DEBUG graphios sleeping.
June 21 15:30:07 graphios.py DEBUG Processing spool directory /var/spool/nagios/graphios
June 21 15:30:07 graphios.py DEBUG deleted /var/spool/nagios/graphios/service-perfdata.1466490606
June 21 15:30:07 graphios.py DEBUG deleted /var/spool/nagios/graphios/host-perfdata.1466490606
June 21 15:30:07 graphios.py INFO Processed 0 files (0 metrics) in /var/spool/nagios/graphios
June 21 15:30:07 graphios.py DEBUG graphios sleeping.
June 21 15:30:22 graphios.py DEBUG Processing spool directory /var/spool/nagios/graphios
June 21 15:30:22 graphios.py DEBUG deleted /var/spool/nagios/graphios/service-perfdata.1466490621
June 21 15:30:22 graphios_backends.py DEBUG Connecting to InfluxDB at influxdb:8086
June 21 15:30:22 graphios.py DEBUG deleted /var/spool/nagios/graphios/host-perfdata.1466490621
June 21 15:30:22 graphios.py INFO Processed 2 files (2 metrics) in /var/spool/nagios/graphios
June 21 15:30:22 graphios.py DEBUG graphios sleeping.
June 21 15:30:37 graphios.py DEBUG Processing spool directory /var/spool/nagios/graphios
June 21 15:30:37 graphios.py DEBUG deleted /var/spool/nagios/graphios/service-perfdata.1466490636
June 21 15:30:37 graphios.py DEBUG deleted /var/spool/nagios/graphios/host-perfdata.1466490636
June 21 15:30:37 graphios.py INFO Processed 0 files (0 metrics) in /var/spool/nagios/graphios
June 21 15:30:37 graphios.py DEBUG graphios sleeping.
June 21 15:30:52 graphios.py DEBUG Processing spool directory /var/spool/nagios/graphios
June 21 15:30:52 graphios.py DEBUG deleted /var/spool/nagios/graphios/service-perfdata.1466490651
June 21 15:30:52 graphios.py DEBUG deleted /var/spool/nagios/graphios/host-perfdata.1466490651
June 21 15:30:52 graphios.py INFO Processed 1 files (0 metrics) in /var/spool/nagios/graphios
June 21 15:30:52 graphios.py DEBUG graphios sleeping.
June 21 15:31:07 graphios.py DEBUG Processing spool directory /var/spool/nagios/graphios
June 21 15:31:07 graphios.py DEBUG deleted /var/spool/nagios/graphios/service-perfdata.1466490666
June 21 15:31:07 graphios.py DEBUG deleted /var/spool/nagios/graphios/host-perfdata.1466490666
June 21 15:31:07 graphios.py INFO Processed 0 files (0 metrics) in /var/spool/nagios/graphios
June 21 15:31:07 graphios.py DEBUG graphios sleeping.
June 21 15:31:22 graphios.py DEBUG Processing spool directory /var/spool/nagios/graphios
June 21 15:31:22 graphios_backends.py DEBUG Connecting to InfluxDB at influxdb:8086
June 21 15:31:22 graphios.py DEBUG deleted /var/spool/nagios/graphios/host-perfdata.1466490681
June 21 15:31:22 graphios.py DEBUG deleted /var/spool/nagios/graphios/service-perfdata.1466490681
June 21 15:31:22 graphios.py INFO Processed 2 files (0 metrics) in /var/spool/nagios/graphios
June 21 15:31:22 graphios.py DEBUG graphios sleeping.
June 21 15:31:37 graphios.py DEBUG Processing spool directory /var/spool/nagios/graphios
June 21 15:31:37 graphios.py DEBUG deleted /var/spool/nagios/graphios/service-perfdata.1466490696
June 21 15:31:37 graphios.py DEBUG deleted /var/spool/nagios/graphios/host-perfdata.1466490696
June 21 15:31:37 graphios.py INFO Processed 1 files (0 metrics) in /var/spool/nagios/graphios
June 21 15:31:37 graphios.py DEBUG graphios sleeping.
June 21 15:31:52 graphios.py DEBUG Processing spool directory /var/spool/nagios/graphios
June 21 15:31:52 graphios.py DEBUG deleted /var/spool/nagios/graphios/service-perfdata.1466490711
June 21 15:31:52 graphios.py DEBUG deleted /var/spool/nagios/graphios/host-perfdata.1466490711
June 21 15:31:52 graphios.py INFO Processed 0 files (0 metrics) in /var/spool/nagios/graphios
June 21 15:31:52 graphios.py DEBUG graphios sleeping.
June 21 15:32:07 graphios.py DEBUG Processing spool directory /var/spool/nagios/graphios
June 21 15:32:07 graphios.py DEBUG deleted /var/spool/nagios/graphios/host-perfdata.1466490726
June 21 15:32:07 graphios.py DEBUG deleted /var/spool/nagios/graphios/service-perfdata.1466490726
June 21 15:32:07 graphios.py INFO Processed 1 files (0 metrics) in /var/spool/nagios/graphios
June 21 15:32:07 graphios.py DEBUG graphios sleeping.
June 21 15:32:22 graphios.py DEBUG Processing spool directory /var/spool/nagios/graphios
June 21 15:32:22 graphios.py DEBUG deleted /var/spool/nagios/graphios/service-perfdata.1466490741
June 21 15:32:22 graphios_backends.py DEBUG Connecting to InfluxDB at influxdb:8086
June 21 15:32:22 graphios.py DEBUG deleted /var/spool/nagios/graphios/host-perfdata.1466490741
June 21 15:32:22 graphios.py INFO Processed 2 files (2 metrics) in /var/spool/nagios/graphios
June 21 15:32:22 graphios.py DEBUG graphios sleeping.
June 21 15:32:37 graphios.py DEBUG Processing spool directory /var/spool/nagios/graphios
June 21 15:32:37 graphios.py DEBUG deleted /var/spool/nagios/graphios/host-perfdata.1466490756
June 21 15:32:37 graphios.py DEBUG deleted /var/spool/nagios/graphios/service-perfdata.1466490756
June 21 15:32:37 graphios.py INFO Processed 0 files (0 metrics) in /var/spool/nagios/graphios
June 21 15:32:37 graphios.py DEBUG graphios sleeping.
June 21 15:32:52 graphios.py DEBUG Processing spool directory /var/spool/nagios/graphios
June 21 15:32:52 graphios.py DEBUG deleted /var/spool/nagios/graphios/service-perfdata.1466490771
June 21 15:32:52 graphios.py DEBUG deleted /var/spool/nagios/graphios/host-perfdata.1466490771
June 21 15:32:52 graphios.py INFO Processed 1 files (0 metrics) in /var/spool/nagios/graphios
June 21 15:32:52 graphios.py DEBUG graphios sleeping.
June 21 15:33:07 graphios.py DEBUG Processing spool directory /var/spool/nagios/graphios
June 21 15:33:07 graphios.py DEBUG deleted /var/spool/nagios/graphios/service-perfdata.1466490786
June 21 15:33:07 graphios.py DEBUG deleted /var/spool/nagios/graphios/host-perfdata.1466490786
June 21 15:33:07 graphios.py INFO Processed 0 files (0 metrics) in /var/spool/nagios/graphios
June 21 15:33:07 graphios.py DEBUG graphios sleeping.
June 21 15:33:22 graphios.py DEBUG Processing spool directory /var/spool/nagios/graphios
June 21 15:33:22 graphios_backends.py DEBUG Connecting to InfluxDB at influxdb:8086
June 21 15:33:22 graphios.py DEBUG deleted /var/spool/nagios/graphios/host-perfdata.1466490801
June 21 15:33:22 graphios.py DEBUG deleted /var/spool/nagios/graphios/service-perfdata.1466490801
June 21 15:33:22 graphios.py INFO Processed 2 files (0 metrics) in /var/spool/nagios/graphios
June 21 15:33:22 graphios.py DEBUG graphios sleeping.
June 21 15:33:37 graphios.py DEBUG Processing spool directory /var/spool/nagios/graphios
June 21 15:33:37 graphios.py DEBUG deleted /var/spool/nagios/graphios/host-perfdata.1466490816
June 21 15:33:37 graphios.py DEBUG deleted /var/spool/nagios/graphios/service-perfdata.1466490816
June 21 15:33:37 graphios.py INFO Processed 0 files (0 metrics) in /var/spool/nagios/graphios
June 21 15:33:37 graphios.py DEBUG graphios sleeping.
June 21 15:33:52 graphios.py DEBUG Processing spool directory /var/spool/nagios/graphios
June 21 15:33:52 graphios.py DEBUG deleted /var/spool/nagios/graphios/host-perfdata.1466490831
June 21 15:33:52 graphios.py DEBUG deleted /var/spool/nagios/graphios/service-perfdata.1466490831
June 21 15:33:52 graphios.py INFO Processed 0 files (0 metrics) in /var/spool/nagios/graphios
June 21 15:33:52 graphios.py DEBUG graphios sleeping.
June 21 15:34:07 graphios.py DEBUG Processing spool directory /var/spool/nagios/graphios
June 21 15:34:07 graphios.py DEBUG deleted /var/spool/nagios/graphios/service-perfdata.1466490846
June 21 15:34:07 graphios.py DEBUG deleted /var/spool/nagios/graphios/host-perfdata.1466490846
June 21 15:34:07 graphios.py INFO Processed 1 files (0 metrics) in /var/spool/nagios/graphios
June 21 15:34:07 graphios.py DEBUG graphios sleeping.
June 21 15:34:22 graphios.py DEBUG Processing spool directory /var/spool/nagios/graphios
June 21 15:34:22 graphios.py DEBUG deleted /var/spool/nagios/graphios/service-perfdata.1466490861
June 21 15:34:22 graphios.py DEBUG deleted /var/spool/nagios/graphios/host-perfdata.1466490861
June 21 15:34:22 graphios.py INFO Processed 0 files (0 metrics) in /var/spool/nagios/graphios
June 21 15:34:22 graphios.py DEBUG graphios sleeping.
June 21 15:34:37 graphios.py DEBUG Processing spool directory /var/spool/nagios/graphios
June 21 15:34:37 graphios.py DEBUG deleted /var/spool/nagios/graphios/service-perfdata.1466490876
June 21 15:34:37 graphios.py DEBUG deleted /var/spool/nagios/graphios/host-perfdata.1466490876
June 21 15:34:37 graphios.py INFO Processed 1 files (0 metrics) in /var/spool/nagios/graphios
June 21 15:34:37 graphios.py DEBUG graphios sleeping.
June 21 15:34:52 graphios.py DEBUG Processing spool directory /var/spool/nagios/graphios
June 21 15:34:52 graphios.py DEBUG deleted /var/spool/nagios/graphios/service-perfdata.1466490891
June 21 15:34:52 graphios.py DEBUG deleted /var/spool/nagios/graphios/host-perfdata.1466490891
June 21 15:34:52 graphios.py INFO Processed 0 files (0 metrics) in /var/spool/nagios/graphios
June 21 15:34:52 graphios.py DEBUG graphios sleeping.
June 21 15:35:07 graphios.py DEBUG Processing spool directory /var/spool/nagios/graphios
June 21 15:35:07 graphios.py DEBUG deleted /var/spool/nagios/graphios/service-perfdata.1466490906
June 21 15:35:07 graphios.py DEBUG deleted /var/spool/nagios/graphios/host-perfdata.1466490906
June 21 15:35:07 graphios.py INFO Processed 0 files (0 metrics) in /var/spool/nagios/graphios
June 21 15:35:07 graphios.py DEBUG graphios sleeping.
June 21 15:35:22 graphios.py DEBUG Processing spool directory /var/spool/nagios/graphios
June 21 15:35:22 graphios.py DEBUG deleted /var/spool/nagios/graphios/host-perfdata.1466490921
June 21 15:35:22 graphios.py DEBUG deleted /var/spool/nagios/graphios/service-perfdata.1466490921
June 21 15:35:22 graphios.py INFO Processed 0 files (0 metrics) in /var/spool/nagios/graphios
June 21 15:35:22 graphios.py DEBUG graphios sleeping.
June 21 15:35:37 graphios.py DEBUG Processing spool directory /var/spool/nagios/graphios
June 21 15:35:37 graphios.py DEBUG deleted /var/spool/nagios/graphios/host-perfdata.1466490936
June 21 15:35:37 graphios.py DEBUG deleted /var/spool/nagios/graphios/service-perfdata.1466490936
June 21 15:35:37 graphios.py INFO Processed 0 files (0 metrics) in /var/spool/nagios/graphios
June 21 15:35:37 graphios.py DEBUG graphios sleeping.
June 21 15:35:52 graphios.py DEBUG Processing spool directory /var/spool/nagios/graphios
June 21 15:35:52 graphios.py DEBUG deleted /var/spool/nagios/graphios/host-perfdata.1466490951
June 21 15:35:52 graphios.py DEBUG deleted /var/spool/nagios/graphios/service-perfdata.1466490951
June 21 15:35:52 graphios.py INFO Processed 1 files (0 metrics) in /var/spool/nagios/graphios
June 21 15:35:52 graphios.py DEBUG graphios sleeping.
June 21 15:36:07 graphios.py DEBUG Processing spool directory /var/spool/nagios/graphios
June 21 15:36:07 graphios.py DEBUG deleted /var/spool/nagios/graphios/host-perfdata.1466490966
June 21 15:36:07 graphios.py DEBUG deleted /var/spool/nagios/graphios/service-perfdata.1466490966
June 21 15:36:07 graphios.py INFO Processed 0 files (0 metrics) in /var/spool/nagios/graphios
June 21 15:36:07 graphios.py DEBUG graphios sleeping.
